Started GET "/" for 127.0.0.1 at 2017-11-28 15:58:42 +0300
Processing by Rails::WelcomeController#index as HTML
  Rendering /Users/wacha/.rvm/gems/ruby-2.4.0/gems/railties-5.1.4/lib/rails/templates/rails/welcome/index.html.erb
  Rendered /Users/wacha/.rvm/gems/ruby-2.4.0/gems/railties-5.1.4/lib/rails/templates/rails/welcome/index.html.erb (4.4ms)
Completed 200 OK in 239ms (Views: 10.1ms)


Started GET "/" for 127.0.0.1 at 2017-11-28 19:39:53 +0300
Processing by Rails::WelcomeController#index as HTML
  Rendering /Users/wacha/.rvm/gems/ruby-2.4.1/gems/railties-5.1.4/lib/rails/templates/rails/welcome/index.html.erb
  Rendered /Users/wacha/.rvm/gems/ruby-2.4.1/gems/railties-5.1.4/lib/rails/templates/rails/welcome/index.html.erb (4.5ms)
Completed 200 OK in 213ms (Views: 13.3ms)


Started GET "/home" for 127.0.0.1 at 2017-11-28 19:40:01 +0300
  
ActionController::RoutingError (No route matches [GET] "/home"):
  
actionpack (5.1.4) lib/action_dispatch/middleware/debug_exceptions.rb:63:in `call'
web-console (3.5.1) lib/web_console/middleware.rb:135:in `call_app'
web-console (3.5.1) lib/web_console/middleware.rb:28:in `block in call'
web-console (3.5.1) lib/web_console/middleware.rb:18:in `catch'
web-console (3.5.1) lib/web_console/middleware.rb:18:in `call'
actionpack (5.1.4) lib/action_dispatch/middleware/show_exceptions.rb:31:in `call'
railties (5.1.4) lib/rails/rack/logger.rb:36:in `call_app'
railties (5.1.4) lib/rails/rack/logger.rb:24:in `block in call'
activesupport (5.1.4) lib/active_support/tagged_logging.rb:69:in `block in tagged'
activesupport (5.1.4) lib/active_support/tagged_logging.rb:26:in `tagged'
activesupport (5.1.4) lib/active_support/tagged_logging.rb:69:in `tagged'
railties (5.1.4) lib/rails/rack/logger.rb:24:in `call'
sprockets-rails (3.2.1) lib/sprockets/rails/quiet_assets.rb:13:in `call'
actionpack (5.1.4) lib/action_dispatch/middleware/remote_ip.rb:79:in `call'
actionpack (5.1.4) lib/action_dispatch/middleware/request_id.rb:25:in `call'
rack (2.0.3) lib/rack/method_override.rb:22:in `call'
rack (2.0.3) lib/rack/runtime.rb:22:in `call'
activesupport (5.1.4) lib/active_support/cache/strategy/local_cache_middleware.rb:27:in `call'
actionpack (5.1.4) lib/action_dispatch/middleware/executor.rb:12:in `call'
actionpack (5.1.4) lib/action_dispatch/middleware/static.rb:125:in `call'
rack (2.0.3) lib/rack/sendfile.rb:111:in `call'
railties (5.1.4) lib/rails/engine.rb:522:in `call'
puma (3.11.0) lib/puma/configuration.rb:225:in `call'
puma (3.11.0) lib/puma/server.rb:624:in `handle_request'
puma (3.11.0) lib/puma/server.rb:438:in `process_client'
puma (3.11.0) lib/puma/server.rb:302:in `block in run'
puma (3.11.0) lib/puma/thread_pool.rb:120:in `block in spawn_thread'
Started GET "/home" for 127.0.0.1 at 2017-11-28 19:42:37 +0300
  
ActionController::RoutingError (No route matches [GET] "/home"):
  
actionpack (5.1.4) lib/action_dispatch/middleware/debug_exceptions.rb:63:in `call'
web-console (3.5.1) lib/web_console/middleware.rb:135:in `call_app'
web-console (3.5.1) lib/web_console/middleware.rb:28:in `block in call'
web-console (3.5.1) lib/web_console/middleware.rb:18:in `catch'
web-console (3.5.1) lib/web_console/middleware.rb:18:in `call'
actionpack (5.1.4) lib/action_dispatch/middleware/show_exceptions.rb:31:in `call'
railties (5.1.4) lib/rails/rack/logger.rb:36:in `call_app'
railties (5.1.4) lib/rails/rack/logger.rb:24:in `block in call'
activesupport (5.1.4) lib/active_support/tagged_logging.rb:69:in `block in tagged'
activesupport (5.1.4) lib/active_support/tagged_logging.rb:26:in `tagged'
activesupport (5.1.4) lib/active_support/tagged_logging.rb:69:in `tagged'
railties (5.1.4) lib/rails/rack/logger.rb:24:in `call'
sprockets-rails (3.2.1) lib/sprockets/rails/quiet_assets.rb:13:in `call'
actionpack (5.1.4) lib/action_dispatch/middleware/remote_ip.rb:79:in `call'
actionpack (5.1.4) lib/action_dispatch/middleware/request_id.rb:25:in `call'
rack (2.0.3) lib/rack/method_override.rb:22:in `call'
rack (2.0.3) lib/rack/runtime.rb:22:in `call'
activesupport (5.1.4) lib/active_support/cache/strategy/local_cache_middleware.rb:27:in `call'
actionpack (5.1.4) lib/action_dispatch/middleware/executor.rb:12:in `call'
actionpack (5.1.4) lib/action_dispatch/middleware/static.rb:125:in `call'
rack (2.0.3) lib/rack/sendfile.rb:111:in `call'
railties (5.1.4) lib/rails/engine.rb:522:in `call'
puma (3.11.0) lib/puma/configuration.rb:225:in `call'
puma (3.11.0) lib/puma/server.rb:624:in `handle_request'
puma (3.11.0) lib/puma/server.rb:438:in `process_client'
puma (3.11.0) lib/puma/server.rb:302:in `block in run'
puma (3.11.0) lib/puma/thread_pool.rb:120:in `block in spawn_thread'
Started GET "/home" for 127.0.0.1 at 2017-11-28 19:42:40 +0300
  
ActionController::RoutingError (No route matches [GET] "/home"):
  
actionpack (5.1.4) lib/action_dispatch/middleware/debug_exceptions.rb:63:in `call'
web-console (3.5.1) lib/web_console/middleware.rb:135:in `call_app'
web-console (3.5.1) lib/web_console/middleware.rb:28:in `block in call'
web-console (3.5.1) lib/web_console/middleware.rb:18:in `catch'
web-console (3.5.1) lib/web_console/middleware.rb:18:in `call'
actionpack (5.1.4) lib/action_dispatch/middleware/show_exceptions.rb:31:in `call'
railties (5.1.4) lib/rails/rack/logger.rb:36:in `call_app'
railties (5.1.4) lib/rails/rack/logger.rb:24:in `block in call'
activesupport (5.1.4) lib/active_support/tagged_logging.rb:69:in `block in tagged'
activesupport (5.1.4) lib/active_support/tagged_logging.rb:26:in `tagged'
activesupport (5.1.4) lib/active_support/tagged_logging.rb:69:in `tagged'
railties (5.1.4) lib/rails/rack/logger.rb:24:in `call'
sprockets-rails (3.2.1) lib/sprockets/rails/quiet_assets.rb:13:in `call'
actionpack (5.1.4) lib/action_dispatch/middleware/remote_ip.rb:79:in `call'
actionpack (5.1.4) lib/action_dispatch/middleware/request_id.rb:25:in `call'
rack (2.0.3) lib/rack/method_override.rb:22:in `call'
rack (2.0.3) lib/rack/runtime.rb:22:in `call'
activesupport (5.1.4) lib/active_support/cache/strategy/local_cache_middleware.rb:27:in `call'
actionpack (5.1.4) lib/action_dispatch/middleware/executor.rb:12:in `call'
actionpack (5.1.4) lib/action_dispatch/middleware/static.rb:125:in `call'
rack (2.0.3) lib/rack/sendfile.rb:111:in `call'
railties (5.1.4) lib/rails/engine.rb:522:in `call'
puma (3.11.0) lib/puma/configuration.rb:225:in `call'
puma (3.11.0) lib/puma/server.rb:624:in `handle_request'
puma (3.11.0) lib/puma/server.rb:438:in `process_client'
puma (3.11.0) lib/puma/server.rb:302:in `block in run'
puma (3.11.0) lib/puma/thread_pool.rb:120:in `block in spawn_thread'
Started GET "/home" for 127.0.0.1 at 2017-11-28 19:43:25 +0300
  
ActionController::RoutingError (No route matches [GET] "/home"):
  
actionpack (5.1.4) lib/action_dispatch/middleware/debug_exceptions.rb:63:in `call'
web-console (3.5.1) lib/web_console/middleware.rb:135:in `call_app'
web-console (3.5.1) lib/web_console/middleware.rb:28:in `block in call'
web-console (3.5.1) lib/web_console/middleware.rb:18:in `catch'
web-console (3.5.1) lib/web_console/middleware.rb:18:in `call'
actionpack (5.1.4) lib/action_dispatch/middleware/show_exceptions.rb:31:in `call'
railties (5.1.4) lib/rails/rack/logger.rb:36:in `call_app'
railties (5.1.4) lib/rails/rack/logger.rb:24:in `block in call'
activesupport (5.1.4) lib/active_support/tagged_logging.rb:69:in `block in tagged'
activesupport (5.1.4) lib/active_support/tagged_logging.rb:26:in `tagged'
activesupport (5.1.4) lib/active_support/tagged_logging.rb:69:in `tagged'
railties (5.1.4) lib/rails/rack/logger.rb:24:in `call'
sprockets-rails (3.2.1) lib/sprockets/rails/quiet_assets.rb:13:in `call'
actionpack (5.1.4) lib/action_dispatch/middleware/remote_ip.rb:79:in `call'
actionpack (5.1.4) lib/action_dispatch/middleware/request_id.rb:25:in `call'
rack (2.0.3) lib/rack/method_override.rb:22:in `call'
rack (2.0.3) lib/rack/runtime.rb:22:in `call'
activesupport (5.1.4) lib/active_support/cache/strategy/local_cache_middleware.rb:27:in `call'
actionpack (5.1.4) lib/action_dispatch/middleware/executor.rb:12:in `call'
actionpack (5.1.4) lib/action_dispatch/middleware/static.rb:125:in `call'
rack (2.0.3) lib/rack/sendfile.rb:111:in `call'
railties (5.1.4) lib/rails/engine.rb:522:in `call'
puma (3.11.0) lib/puma/configuration.rb:225:in `call'
puma (3.11.0) lib/puma/server.rb:624:in `handle_request'
puma (3.11.0) lib/puma/server.rb:438:in `process_client'
puma (3.11.0) lib/puma/server.rb:302:in `block in run'
puma (3.11.0) lib/puma/thread_pool.rb:120:in `block in spawn_thread'
Started GET "/home" for 127.0.0.1 at 2017-11-28 19:44:20 +0300
  
ArgumentError (wrong number of arguments (given 0, expected 1..2)):
  
config/routes.rb:2:in `block in <top (required)>'
config/routes.rb:1:in `<top (required)>'
Started GET "/home/index" for 127.0.0.1 at 2017-11-28 19:45:25 +0300
  
ActionController::RoutingError (No route matches [GET] "/home/index"):
  
actionpack (5.1.4) lib/action_dispatch/middleware/debug_exceptions.rb:63:in `call'
web-console (3.5.1) lib/web_console/middleware.rb:135:in `call_app'
web-console (3.5.1) lib/web_console/middleware.rb:28:in `block in call'
web-console (3.5.1) lib/web_console/middleware.rb:18:in `catch'
web-console (3.5.1) lib/web_console/middleware.rb:18:in `call'
actionpack (5.1.4) lib/action_dispatch/middleware/show_exceptions.rb:31:in `call'
railties (5.1.4) lib/rails/rack/logger.rb:36:in `call_app'
railties (5.1.4) lib/rails/rack/logger.rb:24:in `block in call'
activesupport (5.1.4) lib/active_support/tagged_logging.rb:69:in `block in tagged'
activesupport (5.1.4) lib/active_support/tagged_logging.rb:26:in `tagged'
activesupport (5.1.4) lib/active_support/tagged_logging.rb:69:in `tagged'
railties (5.1.4) lib/rails/rack/logger.rb:24:in `call'
sprockets-rails (3.2.1) lib/sprockets/rails/quiet_assets.rb:13:in `call'
actionpack (5.1.4) lib/action_dispatch/middleware/remote_ip.rb:79:in `call'
actionpack (5.1.4) lib/action_dispatch/middleware/request_id.rb:25:in `call'
rack (2.0.3) lib/rack/method_override.rb:22:in `call'
rack (2.0.3) lib/rack/runtime.rb:22:in `call'
activesupport (5.1.4) lib/active_support/cache/strategy/local_cache_middleware.rb:27:in `call'
actionpack (5.1.4) lib/action_dispatch/middleware/executor.rb:12:in `call'
actionpack (5.1.4) lib/action_dispatch/middleware/static.rb:125:in `call'
rack (2.0.3) lib/rack/sendfile.rb:111:in `call'
railties (5.1.4) lib/rails/engine.rb:522:in `call'
puma (3.11.0) lib/puma/configuration.rb:225:in `call'
puma (3.11.0) lib/puma/server.rb:624:in `handle_request'
puma (3.11.0) lib/puma/server.rb:438:in `process_client'
puma (3.11.0) lib/puma/server.rb:302:in `block in run'
puma (3.11.0) lib/puma/thread_pool.rb:120:in `block in spawn_thread'
Started GET "/home/index" for 127.0.0.1 at 2017-11-28 19:45:36 +0300
Processing by HomeController#index as HTML
  Rendering home/index.html.erb within layouts/application
  Rendered home/index.html.erb within layouts/application (0.5ms)
Completed 200 OK in 1591ms (Views: 1414.5ms)


Started GET "/" for 127.0.0.1 at 2017-11-28 19:47:43 +0300
Processing by HomeController#index as HTML
  Rendering home/index.html.erb within layouts/application
  Rendered home/index.html.erb within layouts/application (0.4ms)
Completed 200 OK in 26ms (Views: 23.4ms)


Started GET "/" for 127.0.0.1 at 2017-11-28 19:47:46 +0300
Processing by HomeController#index as HTML
  Rendering home/index.html.erb within layouts/application
  Rendered home/index.html.erb within layouts/application (0.3ms)
Completed 200 OK in 17ms (Views: 15.2ms)


Started GET "/" for 127.0.0.1 at 2017-11-28 20:09:10 +0300
Processing by HomeController#index as HTML
  Rendering home/index.html.erb within layouts/application
  Rendered home/index.html.erb within layouts/application (1.2ms)
Completed 200 OK in 3560ms (Views: 3356.3ms)


Started GET "/" for 127.0.0.1 at 2017-11-28 20:10:37 +0300
Processing by HomeController#index as HTML
  Rendering home/index.html.erb within layouts/application
  Rendered home/index.html.erb within layouts/application (1.1ms)
Completed 200 OK in 39ms (Views: 37.1ms)


Started GET "/" for 127.0.0.1 at 2017-11-28 20:10:39 +0300
Processing by HomeController#index as HTML
  Rendering home/index.html.erb within layouts/application
  Rendered home/index.html.erb within layouts/application (0.3ms)
Completed 200 OK in 28ms (Views: 26.5ms)


Started GET "/" for 127.0.0.1 at 2017-11-28 20:10:41 +0300
Processing by HomeController#index as HTML
  Rendering home/index.html.erb within layouts/application
  Rendered home/index.html.erb within layouts/application (0.3ms)
Completed 200 OK in 19ms (Views: 16.8ms)


Started GET "/" for 127.0.0.1 at 2017-11-28 20:10:42 +0300
Processing by HomeController#index as HTML
  Rendering home/index.html.erb within layouts/application
  Rendered home/index.html.erb within layouts/application (0.4ms)
Completed 200 OK in 17ms (Views: 15.3ms)


Started GET "/" for 127.0.0.1 at 2017-11-28 20:10:55 +0300
Processing by HomeController#index as HTML
  Rendering home/index.html.erb within layouts/application
  Rendered home/index.html.erb within layouts/application (0.4ms)
Completed 200 OK in 17ms (Views: 15.6ms)


Started GET "/" for 127.0.0.1 at 2017-11-28 20:12:53 +0300
Processing by HomeController#index as HTML
  Rendering home/index.html.erb within layouts/application
  Rendered home/index.html.erb within layouts/application (0.4ms)
Completed 500 Internal Server Error in 45ms


  
ActionView::Template::Error (Asset was not declared to be precompiled in production.
Add `Rails.application.config.assets.precompile += %w( home.css )` to `config/initializers/assets.rb` and restart your server):
     9: 
    10: 
    11:     <link rel="stylesheet" href="https://maxcdn.bootstrapcdn.com/bootstrap/4.0.0-beta.2/css/bootstrap.min.css" integrity="sha384-PsH8R72JQ3SOdhVi3uxftmaW6Vc51MKb0q5P2rRUpPvrszuE4W1povHYgTpBfshb" crossorigin="anonymous">
    12:     <%= stylesheet_link_tag    'home', media: 'all', 'data-turbolinks-track': 'reload' %>
    13:   </head>
    14: 
    15:   <body>
  
app/views/layouts/application.html.erb:12:in `_app_views_layouts_application_html_erb___3492101485509918845_70181498688960'
Started GET "/" for 127.0.0.1 at 2017-11-28 20:15:01 +0300
Processing by HomeController#index as HTML
  Rendering home/index.html.erb within layouts/application
  Rendered home/index.html.erb within layouts/application (1.3ms)
Completed 200 OK in 433ms (Views: 235.6ms)


Started GET "/" for 127.0.0.1 at 2017-11-28 20:21:32 +0300
Processing by HomeController#index as HTML
  Rendering home/index.html.erb within layouts/application
  Rendered home/index.html.erb within layouts/application (1.4ms)
Started GET "/" for 127.0.0.1 at 2017-11-28 20:21:35 +0300
Processing by HomeController#index as HTML
  Rendering home/index.html.erb within layouts/application
  Rendered home/index.html.erb within layouts/application (0.5ms)
Completed 200 OK in 3588ms (Views: 3377.8ms)


Completed 200 OK in 1582ms (Views: 1580.1ms)


Started GET "/" for 127.0.0.1 at 2017-11-28 20:21:50 +0300
Processing by HomeController#index as HTML
  Rendering home/index.html.erb within layouts/application
  Rendered home/index.html.erb within layouts/application (0.6ms)
Completed 200 OK in 1593ms (Views: 1590.9ms)


Started GET "/" for 127.0.0.1 at 2017-11-28 20:22:00 +0300
Processing by HomeController#index as HTML
  Rendering home/index.html.erb within layouts/application
  Rendered home/index.html.erb within layouts/application (1.5ms)
Completed 200 OK in 1462ms (Views: 1460.1ms)


Started GET "/" for 127.0.0.1 at 2017-11-28 20:22:24 +0300
Processing by HomeController#index as HTML
  Rendering home/index.html.erb within layouts/application
  Rendered home/index.html.erb within layouts/application (0.6ms)
Completed 200 OK in 30ms (Views: 27.1ms)


Started GET "/" for 127.0.0.1 at 2017-11-28 20:22:28 +0300
Processing by HomeController#index as HTML
  Rendering home/index.html.erb within layouts/application
  Rendered home/index.html.erb within layouts/application (0.6ms)
Completed 200 OK in 31ms (Views: 28.2ms)


Started GET "/" for 127.0.0.1 at 2017-11-28 20:24:10 +0300
Processing by HomeController#index as HTML
  Rendering home/index.html.erb within layouts/application
  Rendered home/index.html.erb within layouts/application (0.4ms)
Completed 200 OK in 1688ms (Views: 1685.4ms)


Started GET "/" for 127.0.0.1 at 2017-11-28 20:24:33 +0300
Processing by HomeController#index as HTML
  Rendering home/index.html.erb within layouts/application
  Rendered home/index.html.erb within layouts/application (0.5ms)
Completed 200 OK in 1416ms (Views: 1412.2ms)


Started GET "/" for 127.0.0.1 at 2017-11-28 20:25:08 +0300
Processing by HomeController#index as HTML
  Rendering home/index.html.erb within layouts/application
  Rendered home/index.html.erb within layouts/application (0.6ms)
Completed 200 OK in 28ms (Views: 26.4ms)


Started GET "/" for 127.0.0.1 at 2017-11-28 20:26:34 +0300
Processing by HomeController#index as HTML
  Rendering home/index.html.erb within layouts/application
  Rendered home/index.html.erb within layouts/application (0.4ms)
Completed 200 OK in 1607ms (Views: 1604.8ms)


Started GET "/" for 127.0.0.1 at 2017-11-28 20:27:26 +0300
Processing by HomeController#index as HTML
  Rendering home/index.html.erb within layouts/application
  Rendered home/index.html.erb within layouts/application (0.5ms)
Completed 200 OK in 31ms (Views: 29.3ms)


Started GET "/" for 127.0.0.1 at 2017-11-28 20:27:53 +0300
Processing by HomeController#index as HTML
  Rendering home/index.html.erb within layouts/application
  Rendered home/index.html.erb within layouts/application (0.6ms)
Completed 200 OK in 1627ms (Views: 1624.5ms)


Started GET "/" for 127.0.0.1 at 2017-11-28 20:28:06 +0300
Processing by HomeController#index as HTML
  Rendering home/index.html.erb within layouts/application
  Rendered home/index.html.erb within layouts/application (0.5ms)
Completed 200 OK in 1423ms (Views: 1419.6ms)


Started GET "/" for 127.0.0.1 at 2017-11-28 20:28:24 +0300
Processing by HomeController#index as HTML
  Rendering home/index.html.erb within layouts/application
  Rendered home/index.html.erb within layouts/application (0.6ms)
Completed 200 OK in 1452ms (Views: 1450.6ms)


Started GET "/" for 127.0.0.1 at 2017-11-28 20:28:41 +0300
Processing by HomeController#index as HTML
  Rendering home/index.html.erb within layouts/application
  Rendered home/index.html.erb within layouts/application (0.5ms)
Completed 200 OK in 1473ms (Views: 1470.3ms)


Started GET "/" for 127.0.0.1 at 2017-11-28 20:30:32 +0300
Processing by HomeController#index as HTML
  Rendering home/index.html.erb within layouts/application
  Rendered home/index.html.erb within layouts/application (2.1ms)
Completed 200 OK in 1715ms (Views: 1707.6ms)


Started GET "/" for 127.0.0.1 at 2017-11-28 20:30:54 +0300
Processing by HomeController#index as HTML
  Rendering home/index.html.erb within layouts/application
  Rendered home/index.html.erb within layouts/application (0.5ms)
Completed 200 OK in 1636ms (Views: 1633.2ms)


Started GET "/" for 127.0.0.1 at 2017-11-28 20:31:43 +0300
Processing by HomeController#index as HTML
  Rendering home/index.html.erb within layouts/application
  Rendered home/index.html.erb within layouts/application (0.6ms)
Completed 200 OK in 45ms (Views: 41.6ms)


Started GET "/" for 127.0.0.1 at 2017-11-28 20:31:47 +0300
Processing by HomeController#index as HTML
  Rendering home/index.html.erb within layouts/application
  Rendered home/index.html.erb within layouts/application (0.4ms)
Completed 200 OK in 28ms (Views: 26.0ms)


Started GET "/" for 127.0.0.1 at 2017-11-28 20:31:49 +0300
Processing by HomeController#index as HTML
  Rendering home/index.html.erb within layouts/application
  Rendered home/index.html.erb within layouts/application (0.6ms)
Completed 200 OK in 37ms (Views: 34.3ms)


Started GET "/" for 127.0.0.1 at 2017-11-28 20:32:13 +0300
Processing by HomeController#index as HTML
  Rendering home/index.html.erb within layouts/application
  Rendered home/index.html.erb within layouts/application (0.5ms)
Completed 200 OK in 42ms (Views: 39.8ms)


Started GET "/" for 127.0.0.1 at 2017-11-28 20:32:42 +0300
Processing by HomeController#index as HTML
  Rendering home/index.html.erb within layouts/application
  Rendered home/index.html.erb within layouts/application (0.5ms)
Completed 200 OK in 1611ms (Views: 1608.6ms)


